<?xml version="1.0" encoding="UTF-8"?>
<!-- Generated by org.testng.reporters.JUnitReportReporter -->
<testsuite skipped="0" hostname="Umang952-Prod" name="com.qa.eco.browser.pages.Welcomepage2" tests="1" failures="0" timestamp="2021-01-11T10:22:58 IST" time="28.959" errors="0">
  <testcase name="test" time="28.959" classname="com.qa.eco.browser.pages.Welcomepage2"/>
  <system-out/>
</testsuite> <!-- com.qa.eco.browser.pages.Welcomepage2 -->
