<?xml version="1.0" encoding="UTF-8"?>
<!-- Generated by org.testng.reporters.JUnitReportReporter -->
<testsuite skipped="0" hostname="Umang952-Prod" name="com.eco.qa.testcases.Sampletest" tests="1" failures="0" timestamp="2021-02-15T01:49:25 IST" time="0.109" errors="0">
  <testcase name="validUserNamePswd" time="0.109" classname="com.eco.qa.testcases.Sampletest"/>
  <system-out/>
</testsuite> <!-- com.eco.qa.testcases.Sampletest -->
