<?xml version="1.0" encoding="UTF-8"?>
<!-- Generated by org.testng.reporters.JUnitReportReporter -->
<testsuite skipped="0" hostname="Umang952-Prod" name="com.eco.qa.testcases.EcoAdminPanelLoginTest" tests="1" failures="0" timestamp="2021-02-19T12:08:50 IST" time="6.088" errors="0">
  <testcase name="validUserNamePswd" time="6.088" classname="com.eco.qa.testcases.EcoAdminPanelLoginTest"/>
  <system-out/>
</testsuite> <!-- com.eco.qa.testcases.EcoAdminPanelLoginTest -->
