<?xml version="1.0" encoding="UTF-8"?>
<!-- Generated by org.testng.reporters.JUnitReportReporter -->
<testsuite skipped="0" hostname="Umang952-Prod" name="com.qa.eco.base.TestBase" tests="1" failures="0" timestamp="2020-09-23T16:53:51 IST" time="21.323" errors="0">
  <testcase name="invalidLoginUsername" time="21.323" classname="com.qa.eco.base.TestBase"/>
  <system-out/>
</testsuite> <!-- com.qa.eco.base.TestBase -->
