<?xml version="1.0" encoding="UTF-8"?>
<!-- Generated by org.testng.reporters.JUnitReportReporter -->
<testsuite skipped="0" hostname="Umang952-Prod" name="com.eco.qa.testcases.EcoAdminPanelOrderCreationTest" tests="1" failures="0" timestamp="2021-03-18T03:28:13 IST" time="56.887" errors="0">
  <testcase name="ElevatorOrderCreation" time="56.887" classname="com.eco.qa.testcases.EcoAdminPanelOrderCreationTest"/>
  <system-out/>
</testsuite> <!-- com.eco.qa.testcases.EcoAdminPanelOrderCreationTest -->
