<?xml version="1.0" encoding="UTF-8"?>
<!-- Generated by org.testng.reporters.JUnitReportReporter -->
<testsuite skipped="0" hostname="Umang952-Prod" name="com.qa.utils.TestReport" tests="1" failures="0" timestamp="2020-11-02T01:07:34 IST" time="2.462" errors="0">
  <testcase name="report" time="2.462" classname="com.qa.utils.TestReport"/>
  <system-out/>
</testsuite> <!-- com.qa.utils.TestReport -->
